<?xml version="1.0" encoding="UTF-8"?>
<!-- Generated by org.testng.reporters.JUnitXMLReporter -->
<testsuite ignored="0" hostname="Ankur" failures="0" tests="4" name="Default test" time="84.974" errors="0" timestamp="2023-11-30T12:28:17 IST">
  <testcase classname="login.DWS_Login_01_Test" name="Login_to_application_with_valid_credentials" time="4.54"/>
  <testcase classname="login.DWS_Login_01_Test" name="Login_to_application_with_valid_credentials" time="2.967"/>
  <testcase classname="login.DWS_Login_01_Test" name="Login_to_application_with_valid_credentials" time="1.695"/>
  <testcase classname="login.DWS_Login_01_Test" name="Login_to_application_with_valid_credentials" time="0.866"/>
</testsuite> <!-- Default test -->
