<?xml version="1.0" encoding="UTF-8"?>
<testng-results ignored="0" total="1" passed="1" failed="0" skipped="0">
  <reporter-output>
  </reporter-output>
  <suite started-at="2023-11-04T15:20:13 IST" name="Failed suite [Default suite]" finished-at="2023-11-04T15:20:35 IST" duration-ms="22071">
    <groups>
    </groups>
    <test started-at="2023-11-04T15:20:13 IST" name="Default test(failed)" finished-at="2023-11-04T15:20:35 IST" duration-ms="22071">
      <class name="removeWishList.DWS_RemoveFromWishList_10_Test">
        <test-method is-config="true" signature="demo()[pri:0, instance:removeWishList.DWS_RemoveFromWishList_10_Test@6aeb35e6]" started-at="2023-11-04T15:20:13 IST" name="demo" finished-at="2023-11-04T15:20:19 IST" duration-ms="6141" status="PASS">
          <reporter-output>
          </reporter-output>
        </test-method> <!-- demo -->
        <test-method is-config="true" signature="loginToApplication()[pri:0, instance:removeWishList.DWS_RemoveFromWishList_10_Test@6aeb35e6]" started-at="2023-11-04T15:20:19 IST" name="loginToApplication" finished-at="2023-11-04T15:20:19 IST" duration-ms="2" status="PASS">
          <reporter-output>
          </reporter-output>
        </test-method> <!-- loginToApplication -->
        <test-method signature="Remove_Product_Wishlist()[pri:0, instance:removeWishList.DWS_RemoveFromWishList_10_Test@6aeb35e6]" started-at="2023-11-04T15:20:19 IST" name="Remove_Product_Wishlist" finished-at="2023-11-04T15:20:35 IST" duration-ms="15411" status="PASS">
          <reporter-output>
          </reporter-output>
        </test-method> <!-- Remove_Product_Wishlist -->
        <test-method is-config="true" signature="tearDownTheBrowser()[pri:0, instance:removeWishList.DWS_RemoveFromWishList_10_Test@6aeb35e6]" started-at="2023-11-04T15:20:35 IST" name="tearDownTheBrowser" finished-at="2023-11-04T15:20:35 IST" duration-ms="193" status="PASS">
          <reporter-output>
          </reporter-output>
        </test-method> <!-- tearDownTheBrowser -->
        <test-method is-config="true" signature="logoutFromApplication()[pri:0, instance:removeWishList.DWS_RemoveFromWishList_10_Test@6aeb35e6]" started-at="2023-11-04T15:20:35 IST" name="logoutFromApplication" finished-at="2023-11-04T15:20:35 IST" duration-ms="0" status="PASS">
          <reporter-output>
          </reporter-output>
        </test-method> <!-- logoutFromApplication -->
      </class> <!-- removeWishList.DWS_RemoveFromWishList_10_Test -->
    </test> <!-- Default test(failed) -->
  </suite> <!-- Failed suite [Default suite] -->
</testng-results>
