<?xml version="1.0" encoding="UTF-8"?>
<!-- Generated by org.testng.reporters.JUnitXMLReporter -->
<testsuite ignored="2" hostname="Ankur" failures="0" tests="2" name="Test" time="19.856" errors="0" timestamp="2023-11-02T15:05:04 IST">
  <testcase classname="addToBook.DWS_AddToCart_04_Test" name="Verify_adding_the_gift_product_to_Cart" time="2.866"/>
  <testcase classname="addToCart.DWS_AddToCart_03_Test" name="Verify_adding_the_gift_product_to_Cart" time="2.405"/>
  <testcase classname="addWishList.DWS_AddToWishList_09_Test" name="Verify_the_price_filter" time="0.0">
    <ignored/>
  </testcase> <!-- Verify_the_price_filter -->
  <testcase classname="addToCompareList.DWS_AddToCompare_05_Test" name="Verify_adding_two_desktop_to_cart_and_compare" time="0.0">
    <ignored/>
  </testcase> <!-- Verify_adding_two_desktop_to_cart_and_compare -->
</testsuite> <!-- Test -->
